<?xml version="1.0" encoding="UTF-8"?>
<testsuite name="rewards.RewardNetworkPropagationTests" tests="1" skipped="0" failures="0" errors="0" timestamp="2022-03-22T15:51:15" hostname="LMAC-F40JEMD6R" time="0.379">
  <properties/>
  <testcase name="testPropagation()" classname="rewards.RewardNetworkPropagationTests" time="0.379"/>
  <system-out><![CDATA[INFO : o.s.t.c.s.DefaultTestContextBootstrapper - Loaded default TestExecutionListener class names from location [META-INF/spring.factories]: [org.springframework.boot.test.autoconfigure.restdocs.RestDocsTestExecutionListener, org.springframework.boot.test.autoconfigure.web.client.MockRestServiceServerResetTestExecutionListener, org.springframework.boot.test.autoconfigure.web.servlet.MockMvcPrintOnlyOnFailureTestExecutionListener, org.springframework.boot.test.autoconfigure.web.servlet.WebDriverTestExecutionListener, org.springframework.boot.test.autoconfigure.webservices.client.MockWebServiceServerTestExecutionListener, org.springframework.boot.test.mock.mockito.MockitoTestExecutionListener, org.springframework.boot.test.mock.mockito.ResetMocksTestExecutionListener, org.springframework.test.context.web.ServletTestExecutionListener, org.springframework.test.context.support.DirtiesContextBeforeModesTestExecutionListener, org.springframework.test.context.support.DependencyInjectionTestExecutionListener, org.springframework.test.context.support.DirtiesContextTestExecutionListener, org.springframework.test.context.transaction.TransactionalTestExecutionListener, org.springframework.test.context.jdbc.SqlScriptsTestExecutionListener, org.springframework.test.context.event.EventPublishingTestExecutionListener]
INFO : o.s.t.c.s.DefaultTestContextBootstrapper - Using TestExecutionListeners: [org.springframework.test.context.support.DirtiesContextBeforeModesTestExecutionListener@1dc0605b, org.springframework.boot.test.mock.mockito.MockitoTestExecutionListener@4b02e08c, org.springframework.test.context.support.DependencyInjectionTestExecutionListener@231f1fdf, org.springframework.test.context.support.DirtiesContextTestExecutionListener@3e849fe0, org.springframework.test.context.transaction.TransactionalTestExecutionListener@20d8f2d3, org.springframework.test.context.jdbc.SqlScriptsTestExecutionListener@7c8270c4, org.springframework.test.context.event.EventPublishingTestExecutionListener@2738796c, org.springframework.boot.test.autoconfigure.restdocs.RestDocsTestExecutionListener@3dd999f4, org.springframework.boot.test.autoconfigure.web.client.MockRestServiceServerResetTestExecutionListener@5a70aaf6, org.springframework.boot.test.autoconfigure.web.servlet.MockMvcPrintOnlyOnFailureTestExecutionListener@351bf52c, org.springframework.boot.test.autoconfigure.web.servlet.WebDriverTestExecutionListener@510c19fa, org.springframework.boot.test.autoconfigure.webservices.client.MockWebServiceServerTestExecutionListener@206b2c16, org.springframework.boot.test.mock.mockito.ResetMocksTestExecutionListener@7f9305f7]
]]></system-out>
  <system-err><![CDATA[]]></system-err>
</testsuite>
