<?xml version="1.0" encoding="UTF-8"?>
<testsuite name="rewards.RewardNetworkTests" tests="1" skipped="0" failures="0" errors="0" timestamp="2022-03-21T11:25:34" hostname="LMAC-F40JEMD6R" time="1.017">
  <properties/>
  <testcase name="testRewardForDining()" classname="rewards.RewardNetworkTests" time="1.017"/>
  <system-out><![CDATA[ ::                                                         ____
 /\    ____                 ____             _              \ \ \
|/\|  / ___|___  _ __ ___  / ___| _ __  _ __(_)_ __   __ _   \ \ \ 
     | |   / _ \| '__/ _ \ \___ \| '_ \| '__| | '_ \ / _` |   \ \ \
     | |__| (_) | | |  __/  ___) | |_) | |  | | | | | (_| |   / / /
      \____\___/|_|  \___| |____/| .__/|_|  |_|_| |_|\__, |  / / / 
 ================================|_|==================|___/=/_/_/=
   :: Pivotal Training ::                  :: v5.3.a.RELEASE ::

INFO : o.springframework.boot.SpringApplication - Starting application on LMAC-F40JEMD6R with PID 95097 (started by mrodas in /Users/mrodas/dev/wks/core-spring-labfiles/lab/12-javaconfig-dependency-injection)
INFO : o.springframework.boot.SpringApplication - No active profile set, falling back to default profiles: default
INFO : o.springframework.boot.SpringApplication - Started application in 0.8 seconds (JVM running for 1.645)
]]></system-out>
  <system-err><![CDATA[]]></system-err>
</testsuite>
