<?xml version="1.0" encoding="UTF-8"?>
<testsuite name="rewards.internal.RewardNetworkImplTests" tests="1" skipped="1" failures="0" errors="0" timestamp="2022-03-21T09:56:35" hostname="LMAC-F40JEMD6R" time="0.0">
  <properties/>
  <testcase name="testRewardForDining()" classname="rewards.internal.RewardNetworkImplTests" time="0.0">
    <skipped/>
  </testcase>
  <system-out><![CDATA[]]></system-out>
  <system-err><![CDATA[]]></system-err>
</testsuite>
