<?xml version="1.0" encoding="UTF-8"?>
<testsuite name="rewards.RewardNetworkSideEffectTests" tests="2" skipped="0" failures="0" errors="0" timestamp="2022-03-22T16:00:20" hostname="LMAC-F40JEMD6R" time="0.323">
  <properties/>
  <testcase name="testCollision1stTime()" classname="rewards.RewardNetworkSideEffectTests" time="0.315"/>
  <testcase name="testCollision2ndTime()" classname="rewards.RewardNetworkSideEffectTests" time="0.007"/>
  <system-out><![CDATA[INFO : o.s.t.c.s.DefaultTestContextBootstrapper - Loaded default TestExecutionListener class names from location [META-INF/spring.factories]: [org.springframework.boot.test.autoconfigure.restdocs.RestDocsTestExecutionListener, org.springframework.boot.test.autoconfigure.web.client.MockRestServiceServerResetTestExecutionListener, org.springframework.boot.test.autoconfigure.web.servlet.MockMvcPrintOnlyOnFailureTestExecutionListener, org.springframework.boot.test.autoconfigure.web.servlet.WebDriverTestExecutionListener, org.springframework.boot.test.autoconfigure.webservices.client.MockWebServiceServerTestExecutionListener, org.springframework.boot.test.mock.mockito.MockitoTestExecutionListener, org.springframework.boot.test.mock.mockito.ResetMocksTestExecutionListener, org.springframework.test.context.web.ServletTestExecutionListener, org.springframework.test.context.support.DirtiesContextBeforeModesTestExecutionListener, org.springframework.test.context.support.DependencyInjectionTestExecutionListener, org.springframework.test.context.support.DirtiesContextTestExecutionListener, org.springframework.test.context.transaction.TransactionalTestExecutionListener, org.springframework.test.context.jdbc.SqlScriptsTestExecutionListener, org.springframework.test.context.event.EventPublishingTestExecutionListener]
INFO : o.s.t.c.s.DefaultTestContextBootstrapper - Using TestExecutionListeners: [org.springframework.test.context.support.DirtiesContextBeforeModesTestExecutionListener@5efed612, org.springframework.boot.test.mock.mockito.MockitoTestExecutionListener@3522c135, org.springframework.test.context.support.DependencyInjectionTestExecutionListener@3f19e614, org.springframework.test.context.support.DirtiesContextTestExecutionListener@136bf2e2, org.springframework.test.context.transaction.TransactionalTestExecutionListener@3b0de8db, org.springframework.test.context.jdbc.SqlScriptsTestExecutionListener@1885bde6, org.springframework.test.context.event.EventPublishingTestExecutionListener@685cd1a4, org.springframework.boot.test.autoconfigure.restdocs.RestDocsTestExecutionListener@246cd2af, org.springframework.boot.test.autoconfigure.web.client.MockRestServiceServerResetTestExecutionListener@70f3adc9, org.springframework.boot.test.autoconfigure.web.servlet.MockMvcPrintOnlyOnFailureTestExecutionListener@45ac54bc, org.springframework.boot.test.autoconfigure.web.servlet.WebDriverTestExecutionListener@4b736c5c, org.springframework.boot.test.autoconfigure.webservices.client.MockWebServiceServerTestExecutionListener@9c82637, org.springframework.boot.test.mock.mockito.ResetMocksTestExecutionListener@64384f22]
INFO : o.s.t.c.transaction.TransactionContext - Began transaction (1) for test context [DefaultTestContext@58b7a743 testClass = RewardNetworkSideEffectTests, testInstance = rewards.RewardNetworkSideEffectTests@5caf7c3d, testMethod = testCollision1stTime@RewardNetworkSideEffectTests, testException = [null], mergedContextConfiguration = [MergedContextConfiguration@74f8c2c3 testClass = RewardNetworkSideEffectTests, locations = '{}', classes = '{class rewards.SystemTestConfig}', contextInitializerClasses = '[]', activeProfiles = '{}', propertySourceLocations = '{}', propertySourceProperties = '{}', contextCustomizers = set[org.springframework.boot.test.autoconfigure.properties.PropertyMappingContextCustomizer@0, org.springframework.boot.test.autoconfigure.web.servlet.WebDriverContextCustomizerFactory$Customizer@76edf52e, org.springframework.boot.test.context.filter.ExcludeFilterContextCustomizer@4a5047a4, org.springframework.boot.test.json.DuplicateJsonObjectContextCustomizerFactory$DuplicateJsonObjectContextCustomizer@7a552abf, org.springframework.boot.test.mock.mockito.MockitoContextCustomizer@0], contextLoader = 'org.springframework.test.context.support.DelegatingSmartContextLoader', parent = [null]], attributes = map[[empty]]]; transaction manager [org.springframework.jdbc.datasource.DataSourceTransactionManager@5ffe3bfa]; rollback [true]
INFO : o.s.t.c.transaction.TransactionContext - Rolled back transaction for test: [DefaultTestContext@58b7a743 testClass = RewardNetworkSideEffectTests, testInstance = rewards.RewardNetworkSideEffectTests@5caf7c3d, testMethod = testCollision1stTime@RewardNetworkSideEffectTests, testException = [null], mergedContextConfiguration = [MergedContextConfiguration@74f8c2c3 testClass = RewardNetworkSideEffectTests, locations = '{}', classes = '{class rewards.SystemTestConfig}', contextInitializerClasses = '[]', activeProfiles = '{}', propertySourceLocations = '{}', propertySourceProperties = '{}', contextCustomizers = set[org.springframework.boot.test.autoconfigure.properties.PropertyMappingContextCustomizer@0, org.springframework.boot.test.autoconfigure.web.servlet.WebDriverContextCustomizerFactory$Customizer@76edf52e, org.springframework.boot.test.context.filter.ExcludeFilterContextCustomizer@4a5047a4, org.springframework.boot.test.json.DuplicateJsonObjectContextCustomizerFactory$DuplicateJsonObjectContextCustomizer@7a552abf, org.springframework.boot.test.mock.mockito.MockitoContextCustomizer@0], contextLoader = 'org.springframework.test.context.support.DelegatingSmartContextLoader', parent = [null]], attributes = map[[empty]]]
]]></system-out>
  <system-err><![CDATA[]]></system-err>
</testsuite>
