<?xml version="1.0" encoding="UTF-8"?>
<testsuite name="accounts.web.AccountControllerCustomAuthenticationProviderTests" tests="1" skipped="0" failures="0" errors="0" timestamp="2022-03-24T13:03:19" hostname="LMAC-F40JEMD6R" time="0.249">
  <properties/>
  <testcase name="accountDetails_with_spring_credentials_should_return_200()" classname="accounts.web.AccountControllerCustomAuthenticationProviderTests" time="0.249"/>
  <system-out><![CDATA[INFO : o.s.t.c.support.AbstractContextLoader - Could not detect default resource locations for test class [accounts.web.AccountControllerCustomAuthenticationProviderTests]: no resource found for suffixes {-context.xml, Context.groovy}.
INFO : o.s.b.t.a.w.s.WebMvcTestContextBootstrapper - Loaded default TestExecutionListener class names from location [META-INF/spring.factories]: [org.springframework.boot.test.autoconfigure.restdocs.RestDocsTestExecutionListener, org.springframework.boot.test.autoconfigure.web.client.MockRestServiceServerResetTestExecutionListener, org.springframework.boot.test.autoconfigure.web.servlet.MockMvcPrintOnlyOnFailureTestExecutionListener, org.springframework.boot.test.autoconfigure.web.servlet.WebDriverTestExecutionListener, org.springframework.boot.test.autoconfigure.webservices.client.MockWebServiceServerTestExecutionListener, org.springframework.boot.test.mock.mockito.MockitoTestExecutionListener, org.springframework.boot.test.mock.mockito.ResetMocksTestExecutionListener, org.springframework.security.test.context.support.WithSecurityContextTestExecutionListener, org.springframework.security.test.context.support.ReactorContextTestExecutionListener, org.springframework.test.context.web.ServletTestExecutionListener, org.springframework.test.context.support.DirtiesContextBeforeModesTestExecutionListener, org.springframework.test.context.support.DependencyInjectionTestExecutionListener, org.springframework.test.context.support.DirtiesContextTestExecutionListener, org.springframework.test.context.transaction.TransactionalTestExecutionListener, org.springframework.test.context.jdbc.SqlScriptsTestExecutionListener, org.springframework.test.context.event.EventPublishingTestExecutionListener]
INFO : o.s.b.t.a.w.s.WebMvcTestContextBootstrapper - Using TestExecutionListeners: [org.springframework.test.context.web.ServletTestExecutionListener@176da37d, org.springframework.test.context.support.DirtiesContextBeforeModesTestExecutionListener@71b8831a, org.springframework.boot.test.mock.mockito.MockitoTestExecutionListener@3105bee1, org.springframework.boot.test.autoconfigure.SpringBootDependencyInjectionTestExecutionListener@5eaa9bb1, org.springframework.test.context.support.DirtiesContextTestExecutionListener@24a6bd52, org.springframework.test.context.transaction.TransactionalTestExecutionListener@11335a8f, org.springframework.test.context.jdbc.SqlScriptsTestExecutionListener@d5d0cfe, org.springframework.security.test.context.support.WithSecurityContextTestExecutionListener@7a069f7, org.springframework.test.context.event.EventPublishingTestExecutionListener@167d187c, org.springframework.security.test.context.support.ReactorContextTestExecutionListener@1d91df1e, org.springframework.boot.test.autoconfigure.restdocs.RestDocsTestExecutionListener@784e1aae, org.springframework.boot.test.autoconfigure.web.client.MockRestServiceServerResetTestExecutionListener@7c253b81, org.springframework.boot.test.autoconfigure.web.servlet.MockMvcPrintOnlyOnFailureTestExecutionListener@2657281, org.springframework.boot.test.autoconfigure.web.servlet.WebDriverTestExecutionListener@119f24fc, org.springframework.boot.test.autoconfigure.webservices.client.MockWebServiceServerTestExecutionListener@198cd70b, org.springframework.boot.test.mock.mockito.ResetMocksTestExecutionListener@4c200e88]
 ::                                                         ____
 /\    ____                 ____             _              \ \ \
|/\|  / ___|___  _ __ ___  / ___| _ __  _ __(_)_ __   __ _   \ \ \ 
     | |   / _ \| '__/ _ \ \___ \| '_ \| '__| | '_ \ / _` |   \ \ \
     | |__| (_) | | |  __/  ___) | |_) | |  | | | | | (_| |   / / /
      \____\___/|_|  \___| |____/| .__/|_|  |_|_| |_|\__, |  / / / 
 ================================|_|==================|___/=/_/_/=
   :: Pivotal Training ::                  :: v5.3.a.RELEASE ::

INFO : a.w.AccountControllerCustomAuthenticationProviderTests - Starting AccountControllerCustomAuthenticationProviderTests on LMAC-F40JEMD6R with PID 21038 (started by mrodas in /Users/mrodas/dev/wks/core-spring-labfiles/lab/42-security-rest)
DEBUG: a.w.AccountControllerCustomAuthenticationProviderTests - Running with Spring Boot v2.3.1.RELEASE, Spring v5.2.7.RELEASE
INFO : a.w.AccountControllerCustomAuthenticationProviderTests - No active profile set, falling back to default profiles: default
DEBUG: com.zaxxer.hikari.HikariConfig - Driver class org.hsqldb.jdbcDriver found in Thread context class loader jdk.internal.loader.ClassLoaders$AppClassLoader@277050dc
DEBUG: com.zaxxer.hikari.HikariConfig - HikariPool-1 - configuration:
DEBUG: com.zaxxer.hikari.HikariConfig - allowPoolSuspension.............false
DEBUG: com.zaxxer.hikari.HikariConfig - autoCommit......................true
DEBUG: com.zaxxer.hikari.HikariConfig - catalog.........................none
DEBUG: com.zaxxer.hikari.HikariConfig - connectionInitSql...............none
DEBUG: com.zaxxer.hikari.HikariConfig - connectionTestQuery.............none
DEBUG: com.zaxxer.hikari.HikariConfig - connectionTimeout...............30000
DEBUG: com.zaxxer.hikari.HikariConfig - dataSource......................none
DEBUG: com.zaxxer.hikari.HikariConfig - dataSourceClassName.............none
DEBUG: com.zaxxer.hikari.HikariConfig - dataSourceJNDI..................none
DEBUG: com.zaxxer.hikari.HikariConfig - dataSourceProperties............{password=<masked>}
DEBUG: com.zaxxer.hikari.HikariConfig - driverClassName................."org.hsqldb.jdbcDriver"
DEBUG: com.zaxxer.hikari.HikariConfig - exceptionOverrideClassName......none
DEBUG: com.zaxxer.hikari.HikariConfig - healthCheckProperties...........{}
DEBUG: com.zaxxer.hikari.HikariConfig - healthCheckRegistry.............none
DEBUG: com.zaxxer.hikari.HikariConfig - idleTimeout.....................600000
DEBUG: com.zaxxer.hikari.HikariConfig - initializationFailTimeout.......1
DEBUG: com.zaxxer.hikari.HikariConfig - isolateInternalQueries..........false
DEBUG: com.zaxxer.hikari.HikariConfig - jdbcUrl.........................jdbc:hsqldb:mem:1fb9c0fa-2c51-4d8d-a9f0-e83ff2ef7d2a
DEBUG: com.zaxxer.hikari.HikariConfig - leakDetectionThreshold..........0
DEBUG: com.zaxxer.hikari.HikariConfig - maxLifetime.....................1800000
DEBUG: com.zaxxer.hikari.HikariConfig - maximumPoolSize.................10
DEBUG: com.zaxxer.hikari.HikariConfig - metricRegistry..................none
DEBUG: com.zaxxer.hikari.HikariConfig - metricsTrackerFactory...........none
DEBUG: com.zaxxer.hikari.HikariConfig - minimumIdle.....................10
DEBUG: com.zaxxer.hikari.HikariConfig - password........................<masked>
DEBUG: com.zaxxer.hikari.HikariConfig - poolName........................"HikariPool-1"
DEBUG: com.zaxxer.hikari.HikariConfig - readOnly........................false
DEBUG: com.zaxxer.hikari.HikariConfig - registerMbeans..................false
DEBUG: com.zaxxer.hikari.HikariConfig - scheduledExecutor...............none
DEBUG: com.zaxxer.hikari.HikariConfig - schema..........................none
DEBUG: com.zaxxer.hikari.HikariConfig - threadFactory...................internal
DEBUG: com.zaxxer.hikari.HikariConfig - transactionIsolation............default
DEBUG: com.zaxxer.hikari.HikariConfig - username........................"sa"
DEBUG: com.zaxxer.hikari.HikariConfig - validationTimeout...............5000
INFO : com.zaxxer.hikari.HikariDataSource - HikariPool-1 - Starting...
WARN : com.zaxxer.hikari.util.DriverDataSource - Registered driver with driverClassName=org.hsqldb.jdbcDriver was not found, trying direct instantiation.
DEBUG: com.zaxxer.hikari.util.DriverDataSource - Driver class org.hsqldb.jdbcDriver found in Thread context class loader jdk.internal.loader.ClassLoaders$AppClassLoader@277050dc
INFO : com.zaxxer.hikari.pool.PoolBase - HikariPool-1 - Driver does not support get/set network timeout for connections. (feature not supported)
DEBUG: com.zaxxer.hikari.pool.HikariPool - HikariPool-1 - Added connection org.hsqldb.jdbc.JDBCConnection@9393be0
INFO : com.zaxxer.hikari.HikariDataSource - HikariPool-1 - Start completed.
DEBUG: com.zaxxer.hikari.pool.HikariPool - HikariPool-1 - Pool stats (total=1, active=0, idle=1, waiting=0)
DEBUG: com.zaxxer.hikari.pool.HikariPool - HikariPool-1 - Added connection org.hsqldb.jdbc.JDBCConnection@1f1d099
DEBUG: com.zaxxer.hikari.pool.HikariPool - HikariPool-1 - Added connection org.hsqldb.jdbc.JDBCConnection@f362ed7
DEBUG: com.zaxxer.hikari.pool.HikariPool - HikariPool-1 - Added connection org.hsqldb.jdbc.JDBCConnection@b09bbe9
DEBUG: com.zaxxer.hikari.pool.HikariPool - HikariPool-1 - Added connection org.hsqldb.jdbc.JDBCConnection@4e0b24ec
DEBUG: com.zaxxer.hikari.pool.HikariPool - HikariPool-1 - Added connection org.hsqldb.jdbc.JDBCConnection@41f150ac
DEBUG: com.zaxxer.hikari.pool.HikariPool - HikariPool-1 - Added connection org.hsqldb.jdbc.JDBCConnection@7f8f8ed3
DEBUG: com.zaxxer.hikari.pool.HikariPool - HikariPool-1 - Added connection org.hsqldb.jdbc.JDBCConnection@399fa438
DEBUG: com.zaxxer.hikari.pool.HikariPool - HikariPool-1 - Added connection org.hsqldb.jdbc.JDBCConnection@2e24dba3
DEBUG: com.zaxxer.hikari.pool.HikariPool - HikariPool-1 - Added connection org.hsqldb.jdbc.JDBCConnection@659b9afb
DEBUG: com.zaxxer.hikari.pool.HikariPool - HikariPool-1 - After adding stats (total=10, active=0, idle=10, waiting=0)
WARN : o.s.b.a.o.j.JpaBaseConfiguration$JpaWebConfiguration - spring.jpa.open-in-view is enabled by default. Therefore, database queries may be performed during view rendering. Explicitly configure spring.jpa.open-in-view to disable this warning
INFO : o.s.b.a.w.s.WelcomePageHandlerMapping - Adding welcome page: class path resource [static/index.html]
INFO : o.s.s.web.DefaultSecurityFilterChain - Creating filter chain: any request, [org.springframework.security.web.context.request.async.WebAsyncManagerIntegrationFilter@463a340b, org.springframework.security.web.context.SecurityContextPersistenceFilter@745d69cd, org.springframework.security.web.header.HeaderWriterFilter@7bf089a, org.springframework.security.web.authentication.logout.LogoutFilter@765408f, org.springframework.security.web.authentication.www.BasicAuthenticationFilter@77246feb, org.springframework.security.web.savedrequest.RequestCacheAwareFilter@21beeb38, org.springframework.security.web.servletapi.SecurityContextHolderAwareRequestFilter@3373d087, org.springframework.security.web.authentication.AnonymousAuthenticationFilter@599188fc, org.springframework.security.web.session.SessionManagementFilter@384a0cb, org.springframework.security.web.access.ExceptionTranslationFilter@adc3b7d, org.springframework.security.web.access.intercept.FilterSecurityInterceptor@76217095]
INFO : o.s.s.concurrent.ThreadPoolTaskExecutor - Initializing ExecutorService 'applicationTaskExecutor'
INFO : o.s.b.t.m.w.SpringBootMockServletContext - Initializing Spring TestDispatcherServlet ''
INFO : o.s.t.web.servlet.TestDispatcherServlet - Initializing Servlet ''
INFO : o.s.t.web.servlet.TestDispatcherServlet - Completed initialization in 11 ms
INFO : a.w.AccountControllerCustomAuthenticationProviderTests - Started AccountControllerCustomAuthenticationProviderTests in 3.539 seconds (JVM running for 4.379)
DEBUG: c.j.jsonpath.internal.path.CompiledPath - Evaluating path: $['name']
DEBUG: c.j.jsonpath.internal.path.CompiledPath - Evaluating path: $['number']
]]></system-out>
  <system-err><![CDATA[]]></system-err>
</testsuite>
